2021-04-24 23:58:53,714:INFO:PyCaret Supervised Module
2021-04-24 23:58:53,714:INFO:ML Usecase: classification
2021-04-24 23:58:53,714:INFO:version 2.3.0
2021-04-24 23:58:53,714:INFO:Initializing setup()
2021-04-24 23:58:53,714:INFO:setup(target=Survived, ml_usecase=classification, available_plots={'parameter': 'Hyperparameters', 'auc': 'AUC', 'confusion_matrix': 'Confusion Matrix', 'threshold': 'Threshold', 'pr': 'Precision Recall', 'error': 'Prediction Error', 'class_report': 'Class Report', 'rfe': 'Feature Selection', 'learning': 'Learning Curve', 'manifold': 'Manifold Learning', 'calibration': 'Calibration Curve', 'vc': 'Validation Curve', 'dimension': 'Dimensions', 'feature': 'Feature Importance', 'feature_all': 'Feature Importance (All)', 'boundary': 'Decision Boundary', 'lift': 'Lift Chart', 'gain': 'Gain Chart', 'tree': 'Decision Tree'}, train_size=0.7, test_data=None, preprocess=True, imputation_type=simple, iterative_imputation_iters=5, categorical_features=None, categorical_imputation=constant, categorical_iterative_imputer=lightgbm, ordinal_features=None, high_cardinality_features=None, high_cardinality_method=frequency, numeric_features=None, numeric_imputation=mean, numeric_iterative_imputer=lightgbm, date_features=None, ignore_features=None, normalize=True, normalize_method=zscore, transformation=False, transformation_method=yeo-johnson, handle_unknown_categorical=True, unknown_categorical_method=least_frequent, pca=False, pca_method=linear, pca_components=None, ignore_low_variance=False, combine_rare_levels=False, rare_level_threshold=0.1, bin_numeric_features=None, remove_outliers=False, outliers_threshold=0.05, remove_multicollinearity=False, multicollinearity_threshold=0.9, remove_perfect_collinearity=True, create_clusters=False, cluster_iter=20, polynomial_features=False, polynomial_degree=2, trigonometry_features=False, polynomial_threshold=0.1, group_features=None, group_names=None, feature_selection=False, feature_selection_threshold=0.8, feature_selection_method=classic, feature_interaction=False, feature_ratio=False, interaction_threshold=0.01, fix_imbalance=False, fix_imbalance_method=None, transform_target=False, transform_target_method=box-cox, data_split_shuffle=True, data_split_stratify=False, fold_strategy=stratifiedkfold, fold=10, fold_shuffle=False, fold_groups=None, n_jobs=-1, use_gpu=False, custom_pipeline=None, html=True, session_id=1229, log_experiment=False, experiment_name=None, log_plots=False, log_profile=False, log_data=False, silent=False, verbose=True, profile=False, profile_kwargs=None, display=None)
2021-04-24 23:58:53,720:INFO:Checking environment
2021-04-24 23:58:53,720:INFO:python_version: 3.8.5
2021-04-24 23:58:53,720:INFO:python_build: ('default', 'Sep  3 2020 21:29:08')
2021-04-24 23:58:53,720:INFO:machine: AMD64
2021-04-24 23:58:53,720:INFO:platform: Windows-10-10.0.19041-SP0
2021-04-24 23:58:53,720:INFO:Memory: svmem(total=8456024064, available=549408768, percent=93.5, used=7906615296, free=549408768)
2021-04-24 23:58:53,720:INFO:Physical Core: 4
2021-04-24 23:58:53,720:INFO:Logical Core: 8
2021-04-24 23:58:53,720:INFO:Checking libraries
2021-04-24 23:58:53,720:INFO:pd==1.1.3
2021-04-24 23:58:53,720:INFO:numpy==1.19.5
2021-04-24 23:58:53,720:INFO:sklearn==0.23.2
2021-04-24 23:58:53,720:INFO:lightgbm==3.2.1
2021-04-24 23:58:53,721:WARNING:catboost not found
2021-04-24 23:58:53,823:INFO:xgboost==1.4.1
2021-04-24 23:58:54,564:INFO:mlflow==1.15.0
2021-04-24 23:58:54,564:INFO:Checking Exceptions
2021-04-24 23:58:54,564:INFO:Declaring global variables
2021-04-24 23:58:54,564:INFO:USI: 1514
2021-04-24 23:58:54,564:INFO:pycaret_globals: {'fix_imbalance_param', 'gpu_param', 'fold_groups_param', 'iterative_imputation_iters_param', 'create_model_container', 'transform_target_param', 'y_test', 'imputation_classifier', '_internal_pipeline', 'X_test', 'stratify_param', '_all_models_internal', 'prep_pipe', 'display_container', 'transform_target_method_param', 'log_plots_param', 'y_train', 'n_jobs_param', 'USI', '_all_models', 'X', 'pycaret_globals', 'master_model_container', 'exp_name_log', '_ml_usecase', 'target_param', 'fix_imbalance_method_param', 'y', 'experiment__', 'imputation_regressor', 'logging_param', 'fold_shuffle_param', '_all_metrics', 'fold_generator', 'seed', 'X_train', 'data_before_preprocess', '_available_plots', '_gpu_n_jobs_param', 'fold_param', 'html_param'}
2021-04-24 23:58:54,565:INFO:Preparing display monitor
2021-04-24 23:58:54,565:INFO:Preparing display monitor
2021-04-24 23:58:54,581:INFO:Importing libraries
2021-04-24 23:58:54,581:INFO:Copying data for preprocessing
2021-04-24 23:58:54,589:INFO:Declaring preprocessing parameters
2021-04-24 23:58:54,590:INFO:Creating preprocessing pipeline
2021-04-24 23:58:54,597:INFO:Preprocessing pipeline created successfully
2021-04-24 23:58:54,597:ERROR:(Process Exit): setup has been interupted with user command 'quit'. setup must rerun.
2021-04-24 23:58:54,597:INFO:Creating global containers
2021-04-24 23:58:54,599:INFO:Internal pipeline: Pipeline(memory=None, steps=[('empty_step', 'passthrough')], verbose=False)
2021-04-24 23:59:18,269:INFO:PyCaret Supervised Module
2021-04-24 23:59:18,269:INFO:ML Usecase: classification
2021-04-24 23:59:18,269:INFO:version 2.3.0
2021-04-24 23:59:18,269:INFO:Initializing setup()
2021-04-24 23:59:18,270:INFO:setup(target=Survived, ml_usecase=classification, available_plots={'parameter': 'Hyperparameters', 'auc': 'AUC', 'confusion_matrix': 'Confusion Matrix', 'threshold': 'Threshold', 'pr': 'Precision Recall', 'error': 'Prediction Error', 'class_report': 'Class Report', 'rfe': 'Feature Selection', 'learning': 'Learning Curve', 'manifold': 'Manifold Learning', 'calibration': 'Calibration Curve', 'vc': 'Validation Curve', 'dimension': 'Dimensions', 'feature': 'Feature Importance', 'feature_all': 'Feature Importance (All)', 'boundary': 'Decision Boundary', 'lift': 'Lift Chart', 'gain': 'Gain Chart', 'tree': 'Decision Tree'}, train_size=0.7, test_data=None, preprocess=True, imputation_type=simple, iterative_imputation_iters=5, categorical_features=None, categorical_imputation=constant, categorical_iterative_imputer=lightgbm, ordinal_features=None, high_cardinality_features=None, high_cardinality_method=frequency, numeric_features=None, numeric_imputation=mean, numeric_iterative_imputer=lightgbm, date_features=None, ignore_features=None, normalize=True, normalize_method=zscore, transformation=False, transformation_method=yeo-johnson, handle_unknown_categorical=True, unknown_categorical_method=least_frequent, pca=False, pca_method=linear, pca_components=None, ignore_low_variance=False, combine_rare_levels=False, rare_level_threshold=0.1, bin_numeric_features=None, remove_outliers=False, outliers_threshold=0.05, remove_multicollinearity=False, multicollinearity_threshold=0.9, remove_perfect_collinearity=True, create_clusters=False, cluster_iter=20, polynomial_features=False, polynomial_degree=2, trigonometry_features=False, polynomial_threshold=0.1, group_features=None, group_names=None, feature_selection=False, feature_selection_threshold=0.8, feature_selection_method=classic, feature_interaction=False, feature_ratio=False, interaction_threshold=0.01, fix_imbalance=False, fix_imbalance_method=None, transform_target=False, transform_target_method=box-cox, data_split_shuffle=True, data_split_stratify=False, fold_strategy=stratifiedkfold, fold=10, fold_shuffle=False, fold_groups=None, n_jobs=-1, use_gpu=False, custom_pipeline=None, html=True, session_id=1229, log_experiment=False, experiment_name=None, log_plots=False, log_profile=False, log_data=False, silent=False, verbose=True, profile=False, profile_kwargs=None, display=None)
2021-04-24 23:59:18,270:INFO:Checking environment
2021-04-24 23:59:18,270:INFO:python_version: 3.8.5
2021-04-24 23:59:18,270:INFO:python_build: ('default', 'Sep  3 2020 21:29:08')
2021-04-24 23:59:18,270:INFO:machine: AMD64
2021-04-24 23:59:18,270:INFO:platform: Windows-10-10.0.19041-SP0
2021-04-24 23:59:18,270:INFO:Memory: svmem(total=8456024064, available=566341632, percent=93.3, used=7889682432, free=566341632)
2021-04-24 23:59:18,271:INFO:Physical Core: 4
2021-04-24 23:59:18,271:INFO:Logical Core: 8
2021-04-24 23:59:18,271:INFO:Checking libraries
2021-04-24 23:59:18,271:INFO:pd==1.1.3
2021-04-24 23:59:18,271:INFO:numpy==1.19.5
2021-04-24 23:59:18,271:INFO:sklearn==0.23.2
2021-04-24 23:59:18,271:INFO:lightgbm==3.2.1
2021-04-24 23:59:18,272:WARNING:catboost not found
2021-04-24 23:59:18,273:INFO:xgboost==1.4.1
2021-04-24 23:59:18,273:INFO:mlflow==1.15.0
2021-04-24 23:59:18,273:INFO:Checking Exceptions
2021-04-24 23:59:18,273:INFO:Declaring global variables
2021-04-24 23:59:18,273:INFO:USI: c412
2021-04-24 23:59:18,273:INFO:pycaret_globals: {'fix_imbalance_param', 'gpu_param', 'fold_groups_param', 'iterative_imputation_iters_param', 'create_model_container', 'transform_target_param', 'y_test', 'imputation_classifier', '_internal_pipeline', 'X_test', 'stratify_param', '_all_models_internal', 'prep_pipe', 'display_container', 'transform_target_method_param', 'log_plots_param', 'y_train', 'n_jobs_param', 'USI', '_all_models', 'X', 'pycaret_globals', 'master_model_container', 'exp_name_log', '_ml_usecase', 'target_param', 'fix_imbalance_method_param', 'y', 'experiment__', 'imputation_regressor', 'logging_param', 'fold_shuffle_param', '_all_metrics', 'fold_generator', 'seed', 'X_train', 'data_before_preprocess', '_available_plots', '_gpu_n_jobs_param', 'fold_param', 'html_param'}
2021-04-24 23:59:18,273:INFO:Preparing display monitor
2021-04-24 23:59:18,274:INFO:Preparing display monitor
2021-04-24 23:59:18,289:INFO:Importing libraries
2021-04-24 23:59:18,289:INFO:Copying data for preprocessing
2021-04-24 23:59:18,298:INFO:Declaring preprocessing parameters
2021-04-24 23:59:18,299:INFO:Creating preprocessing pipeline
2021-04-24 23:59:18,305:INFO:Preprocessing pipeline created successfully
2021-04-24 23:59:18,305:ERROR:(Process Exit): setup has been interupted with user command 'quit'. setup must rerun.
2021-04-24 23:59:18,306:INFO:Creating global containers
2021-04-24 23:59:18,306:INFO:Internal pipeline: Pipeline(memory=None, steps=[('empty_step', 'passthrough')], verbose=False)
2021-04-25 00:00:37,792:INFO:PyCaret Supervised Module
2021-04-25 00:00:37,792:INFO:ML Usecase: classification
2021-04-25 00:00:37,793:INFO:version 2.3.0
2021-04-25 00:00:37,793:INFO:Initializing setup()
2021-04-25 00:00:37,793:INFO:setup(target=Survived, ml_usecase=classification, available_plots={'parameter': 'Hyperparameters', 'auc': 'AUC', 'confusion_matrix': 'Confusion Matrix', 'threshold': 'Threshold', 'pr': 'Precision Recall', 'error': 'Prediction Error', 'class_report': 'Class Report', 'rfe': 'Feature Selection', 'learning': 'Learning Curve', 'manifold': 'Manifold Learning', 'calibration': 'Calibration Curve', 'vc': 'Validation Curve', 'dimension': 'Dimensions', 'feature': 'Feature Importance', 'feature_all': 'Feature Importance (All)', 'boundary': 'Decision Boundary', 'lift': 'Lift Chart', 'gain': 'Gain Chart', 'tree': 'Decision Tree'}, train_size=0.7, test_data=None, preprocess=True, imputation_type=simple, iterative_imputation_iters=5, categorical_features=None, categorical_imputation=constant, categorical_iterative_imputer=lightgbm, ordinal_features=None, high_cardinality_features=None, high_cardinality_method=frequency, numeric_features=None, numeric_imputation=mean, numeric_iterative_imputer=lightgbm, date_features=None, ignore_features=None, normalize=True, normalize_method=zscore, transformation=False, transformation_method=yeo-johnson, handle_unknown_categorical=True, unknown_categorical_method=least_frequent, pca=False, pca_method=linear, pca_components=None, ignore_low_variance=False, combine_rare_levels=False, rare_level_threshold=0.1, bin_numeric_features=None, remove_outliers=False, outliers_threshold=0.05, remove_multicollinearity=False, multicollinearity_threshold=0.9, remove_perfect_collinearity=True, create_clusters=False, cluster_iter=20, polynomial_features=False, polynomial_degree=2, trigonometry_features=False, polynomial_threshold=0.1, group_features=None, group_names=None, feature_selection=False, feature_selection_threshold=0.8, feature_selection_method=classic, feature_interaction=False, feature_ratio=False, interaction_threshold=0.01, fix_imbalance=False, fix_imbalance_method=None, transform_target=False, transform_target_method=box-cox, data_split_shuffle=True, data_split_stratify=False, fold_strategy=stratifiedkfold, fold=10, fold_shuffle=False, fold_groups=None, n_jobs=-1, use_gpu=False, custom_pipeline=None, html=True, session_id=1229, log_experiment=False, experiment_name=None, log_plots=False, log_profile=False, log_data=False, silent=False, verbose=True, profile=False, profile_kwargs=None, display=None)
2021-04-25 00:00:37,793:INFO:Checking environment
2021-04-25 00:00:37,793:INFO:python_version: 3.8.5
2021-04-25 00:00:37,793:INFO:python_build: ('default', 'Sep  3 2020 21:29:08')
2021-04-25 00:00:37,793:INFO:machine: AMD64
2021-04-25 00:00:37,794:INFO:platform: Windows-10-10.0.19041-SP0
2021-04-25 00:00:37,794:INFO:Memory: svmem(total=8456024064, available=438202368, percent=94.8, used=8017821696, free=438202368)
2021-04-25 00:00:37,794:INFO:Physical Core: 4
2021-04-25 00:00:37,794:INFO:Logical Core: 8
2021-04-25 00:00:37,794:INFO:Checking libraries
2021-04-25 00:00:37,794:INFO:pd==1.1.3
2021-04-25 00:00:37,794:INFO:numpy==1.19.5
2021-04-25 00:00:37,794:INFO:sklearn==0.23.2
2021-04-25 00:00:37,794:INFO:lightgbm==3.2.1
2021-04-25 00:00:37,795:WARNING:catboost not found
2021-04-25 00:00:37,795:INFO:xgboost==1.4.1
2021-04-25 00:00:37,795:INFO:mlflow==1.15.0
2021-04-25 00:00:37,796:INFO:Checking Exceptions
2021-04-25 00:00:37,796:INFO:Declaring global variables
2021-04-25 00:00:37,796:INFO:USI: 3497
2021-04-25 00:00:37,796:INFO:pycaret_globals: {'fix_imbalance_param', 'gpu_param', 'fold_groups_param', 'iterative_imputation_iters_param', 'create_model_container', 'transform_target_param', 'y_test', 'imputation_classifier', '_internal_pipeline', 'X_test', 'stratify_param', '_all_models_internal', 'prep_pipe', 'display_container', 'transform_target_method_param', 'log_plots_param', 'y_train', 'n_jobs_param', 'USI', '_all_models', 'X', 'pycaret_globals', 'master_model_container', 'exp_name_log', '_ml_usecase', 'target_param', 'fix_imbalance_method_param', 'y', 'experiment__', 'imputation_regressor', 'logging_param', 'fold_shuffle_param', '_all_metrics', 'fold_generator', 'seed', 'X_train', 'data_before_preprocess', '_available_plots', '_gpu_n_jobs_param', 'fold_param', 'html_param'}
2021-04-25 00:00:37,796:INFO:Preparing display monitor
2021-04-25 00:00:37,796:INFO:Preparing display monitor
2021-04-25 00:00:37,810:INFO:Importing libraries
2021-04-25 00:00:37,810:INFO:Copying data for preprocessing
2021-04-25 00:00:37,819:INFO:Declaring preprocessing parameters
2021-04-25 00:00:37,821:INFO:Creating preprocessing pipeline
2021-04-25 00:00:37,826:INFO:Preprocessing pipeline created successfully
2021-04-25 00:00:37,826:ERROR:(Process Exit): setup has been interupted with user command 'quit'. setup must rerun.
2021-04-25 00:00:37,827:INFO:Creating global containers
2021-04-25 00:00:37,827:INFO:Internal pipeline: Pipeline(memory=None, steps=[('empty_step', 'passthrough')], verbose=False)
2021-04-25 12:35:28,647:INFO:PyCaret Supervised Module
2021-04-25 12:35:28,647:INFO:ML Usecase: classification
2021-04-25 12:35:28,647:INFO:version 2.3.0
2021-04-25 12:35:28,648:INFO:Initializing setup()
2021-04-25 12:35:28,648:INFO:setup(target=Survived, ml_usecase=classification, available_plots={'parameter': 'Hyperparameters', 'auc': 'AUC', 'confusion_matrix': 'Confusion Matrix', 'threshold': 'Threshold', 'pr': 'Precision Recall', 'error': 'Prediction Error', 'class_report': 'Class Report', 'rfe': 'Feature Selection', 'learning': 'Learning Curve', 'manifold': 'Manifold Learning', 'calibration': 'Calibration Curve', 'vc': 'Validation Curve', 'dimension': 'Dimensions', 'feature': 'Feature Importance', 'feature_all': 'Feature Importance (All)', 'boundary': 'Decision Boundary', 'lift': 'Lift Chart', 'gain': 'Gain Chart', 'tree': 'Decision Tree'}, train_size=0.7, test_data=None, preprocess=True, imputation_type=simple, iterative_imputation_iters=5, categorical_features=None, categorical_imputation=constant, categorical_iterative_imputer=lightgbm, ordinal_features=None, high_cardinality_features=None, high_cardinality_method=frequency, numeric_features=None, numeric_imputation=mean, numeric_iterative_imputer=lightgbm, date_features=None, ignore_features=None, normalize=True, normalize_method=zscore, transformation=False, transformation_method=yeo-johnson, handle_unknown_categorical=True, unknown_categorical_method=least_frequent, pca=False, pca_method=linear, pca_components=None, ignore_low_variance=False, combine_rare_levels=False, rare_level_threshold=0.1, bin_numeric_features=None, remove_outliers=False, outliers_threshold=0.05, remove_multicollinearity=False, multicollinearity_threshold=0.9, remove_perfect_collinearity=True, create_clusters=False, cluster_iter=20, polynomial_features=False, polynomial_degree=2, trigonometry_features=False, polynomial_threshold=0.1, group_features=None, group_names=None, feature_selection=False, feature_selection_threshold=0.8, feature_selection_method=classic, feature_interaction=False, feature_ratio=False, interaction_threshold=0.01, fix_imbalance=False, fix_imbalance_method=None, transform_target=False, transform_target_method=box-cox, data_split_shuffle=True, data_split_stratify=False, fold_strategy=stratifiedkfold, fold=10, fold_shuffle=False, fold_groups=None, n_jobs=-1, use_gpu=False, custom_pipeline=None, html=True, session_id=1229, log_experiment=False, experiment_name=None, log_plots=False, log_profile=False, log_data=False, silent=False, verbose=True, profile=False, profile_kwargs=None, display=None)
2021-04-25 12:35:28,648:INFO:Checking environment
2021-04-25 12:35:28,648:INFO:python_version: 3.8.5
2021-04-25 12:35:28,648:INFO:python_build: ('default', 'Sep  3 2020 21:29:08')
2021-04-25 12:35:28,648:INFO:machine: AMD64
2021-04-25 12:35:28,649:INFO:platform: Windows-10-10.0.19041-SP0
2021-04-25 12:35:28,649:INFO:Memory: svmem(total=8456024064, available=306331648, percent=96.4, used=8149692416, free=306331648)
2021-04-25 12:35:28,649:INFO:Physical Core: 4
2021-04-25 12:35:28,649:INFO:Logical Core: 8
2021-04-25 12:35:28,649:INFO:Checking libraries
2021-04-25 12:35:28,649:INFO:pd==1.1.3
2021-04-25 12:35:28,649:INFO:numpy==1.19.5
2021-04-25 12:35:28,649:INFO:sklearn==0.23.2
2021-04-25 12:35:28,649:INFO:lightgbm==3.2.1
2021-04-25 12:35:28,650:WARNING:catboost not found
2021-04-25 12:35:28,733:INFO:xgboost==1.4.1
2021-04-25 12:35:29,581:INFO:mlflow==1.15.0
2021-04-25 12:35:29,581:INFO:Checking Exceptions
2021-04-25 12:35:29,581:INFO:Declaring global variables
2021-04-25 12:35:29,581:INFO:USI: 1ee1
2021-04-25 12:35:29,581:INFO:pycaret_globals: {'X', 'master_model_container', 'y_test', '_all_metrics', '_all_models', 'seed', 'display_container', 'n_jobs_param', '_available_plots', 'fold_groups_param', 'transform_target_param', 'gpu_param', 'y_train', 'data_before_preprocess', 'experiment__', 'fix_imbalance_param', 'transform_target_method_param', '_all_models_internal', 'create_model_container', 'fold_shuffle_param', '_internal_pipeline', 'imputation_classifier', '_gpu_n_jobs_param', 'log_plots_param', 'iterative_imputation_iters_param', 'imputation_regressor', 'fold_generator', 'X_test', 'target_param', 'X_train', 'USI', 'fix_imbalance_method_param', 'stratify_param', 'logging_param', 'y', '_ml_usecase', 'exp_name_log', 'fold_param', 'prep_pipe', 'html_param', 'pycaret_globals'}
2021-04-25 12:35:29,581:INFO:Preparing display monitor
2021-04-25 12:35:29,581:INFO:Preparing display monitor
2021-04-25 12:35:29,593:INFO:Importing libraries
2021-04-25 12:35:29,593:INFO:Copying data for preprocessing
2021-04-25 12:35:29,600:INFO:Declaring preprocessing parameters
2021-04-25 12:35:29,601:INFO:Creating preprocessing pipeline
2021-04-25 12:35:29,608:INFO:Preprocessing pipeline created successfully
2021-04-25 12:35:29,608:ERROR:(Process Exit): setup has been interupted with user command 'quit'. setup must rerun.
2021-04-25 12:35:29,608:INFO:Creating global containers
2021-04-25 12:35:29,610:INFO:Internal pipeline: Pipeline(memory=None, steps=[('empty_step', 'passthrough')], verbose=False)
2021-04-26 16:48:41,529:INFO:PyCaret Supervised Module
2021-04-26 16:48:41,535:INFO:ML Usecase: classification
2021-04-26 16:48:41,535:INFO:version 2.3.0
2021-04-26 16:48:41,535:INFO:Initializing setup()
2021-04-26 16:48:41,535:INFO:setup(target=Survived, ml_usecase=classification, available_plots={'parameter': 'Hyperparameters', 'auc': 'AUC', 'confusion_matrix': 'Confusion Matrix', 'threshold': 'Threshold', 'pr': 'Precision Recall', 'error': 'Prediction Error', 'class_report': 'Class Report', 'rfe': 'Feature Selection', 'learning': 'Learning Curve', 'manifold': 'Manifold Learning', 'calibration': 'Calibration Curve', 'vc': 'Validation Curve', 'dimension': 'Dimensions', 'feature': 'Feature Importance', 'feature_all': 'Feature Importance (All)', 'boundary': 'Decision Boundary', 'lift': 'Lift Chart', 'gain': 'Gain Chart', 'tree': 'Decision Tree'}, train_size=0.7, test_data=None, preprocess=True, imputation_type=simple, iterative_imputation_iters=5, categorical_features=None, categorical_imputation=constant, categorical_iterative_imputer=lightgbm, ordinal_features=None, high_cardinality_features=None, high_cardinality_method=frequency, numeric_features=None, numeric_imputation=mean, numeric_iterative_imputer=lightgbm, date_features=None, ignore_features=None, normalize=True, normalize_method=zscore, transformation=False, transformation_method=yeo-johnson, handle_unknown_categorical=True, unknown_categorical_method=least_frequent, pca=False, pca_method=linear, pca_components=None, ignore_low_variance=False, combine_rare_levels=False, rare_level_threshold=0.1, bin_numeric_features=None, remove_outliers=False, outliers_threshold=0.05, remove_multicollinearity=False, multicollinearity_threshold=0.9, remove_perfect_collinearity=True, create_clusters=False, cluster_iter=20, polynomial_features=False, polynomial_degree=2, trigonometry_features=False, polynomial_threshold=0.1, group_features=None, group_names=None, feature_selection=False, feature_selection_threshold=0.8, feature_selection_method=classic, feature_interaction=False, feature_ratio=False, interaction_threshold=0.01, fix_imbalance=False, fix_imbalance_method=None, transform_target=False, transform_target_method=box-cox, data_split_shuffle=True, data_split_stratify=False, fold_strategy=stratifiedkfold, fold=10, fold_shuffle=False, fold_groups=None, n_jobs=-1, use_gpu=False, custom_pipeline=None, html=True, session_id=1229, log_experiment=False, experiment_name=None, log_plots=False, log_profile=False, log_data=False, silent=False, verbose=True, profile=False, profile_kwargs=None, display=None)
2021-04-26 16:48:41,535:INFO:Checking environment
2021-04-26 16:48:41,535:INFO:python_version: 3.8.5
2021-04-26 16:48:41,535:INFO:python_build: ('default', 'Sep  3 2020 21:29:08')
2021-04-26 16:48:41,536:INFO:machine: AMD64
2021-04-26 16:48:41,536:INFO:platform: Windows-10-10.0.19041-SP0
2021-04-26 16:48:41,536:INFO:Memory: svmem(total=8456024064, available=2707947520, percent=68.0, used=5748076544, free=2707947520)
2021-04-26 16:48:41,536:INFO:Physical Core: 4
2021-04-26 16:48:41,536:INFO:Logical Core: 8
2021-04-26 16:48:41,536:INFO:Checking libraries
2021-04-26 16:48:41,536:INFO:pd==1.1.3
2021-04-26 16:48:41,536:INFO:numpy==1.19.5
2021-04-26 16:48:41,537:INFO:sklearn==0.23.2
2021-04-26 16:48:41,537:INFO:lightgbm==3.2.1
2021-04-26 16:48:41,537:WARNING:catboost not found
2021-04-26 16:48:41,651:INFO:xgboost==1.4.1
2021-04-26 16:48:42,748:INFO:mlflow==1.15.0
2021-04-26 16:48:42,748:INFO:Checking Exceptions
2021-04-26 16:48:42,748:INFO:Declaring global variables
2021-04-26 16:48:42,748:INFO:USI: c80e
2021-04-26 16:48:42,748:INFO:pycaret_globals: {'html_param', 'USI', 'create_model_container', 'fold_param', 'seed', 'stratify_param', 'X_test', 'fix_imbalance_method_param', 'fold_generator', '_available_plots', '_gpu_n_jobs_param', 'X', '_ml_usecase', 'log_plots_param', '_internal_pipeline', 'iterative_imputation_iters_param', 'y_test', 'fold_shuffle_param', 'prep_pipe', 'pycaret_globals', 'data_before_preprocess', 'target_param', 'experiment__', 'transform_target_param', 'logging_param', 'transform_target_method_param', 'imputation_classifier', 'y_train', 'exp_name_log', 'fold_groups_param', 'imputation_regressor', 'display_container', '_all_models', '_all_models_internal', 'y', 'fix_imbalance_param', 'n_jobs_param', '_all_metrics', 'gpu_param', 'X_train', 'master_model_container'}
2021-04-26 16:48:42,748:INFO:Preparing display monitor
2021-04-26 16:48:42,748:INFO:Preparing display monitor
2021-04-26 16:48:42,764:INFO:Importing libraries
2021-04-26 16:48:42,764:INFO:Copying data for preprocessing
2021-04-26 16:48:42,784:INFO:Declaring preprocessing parameters
2021-04-26 16:48:42,785:INFO:Creating preprocessing pipeline
2021-04-26 16:48:42,791:INFO:Preprocessing pipeline created successfully
2021-04-26 16:48:42,791:ERROR:(Process Exit): setup has been interupted with user command 'quit'. setup must rerun.
2021-04-26 16:48:42,791:INFO:Creating global containers
2021-04-26 16:48:42,791:INFO:Internal pipeline: Pipeline(memory=None, steps=[('empty_step', 'passthrough')], verbose=False)
